2020-06-20 00:23:49 engine.py [line:28] INFO: 开始运行时间：2020-06-20 00:23:49.365610
2020-06-20 00:24:32 engine.py [line:28] INFO: 开始运行时间：2020-06-20 00:24:32.918594
2020-06-20 09:58:18 engine.py [line:28] INFO: 开始运行时间：2020-06-20 09:58:18.344661
2020-06-20 09:58:18 engine.py [line:32] INFO: 开始运行时间：2020-06-20 09:58:18.395626
2020-06-20 09:58:18 engine.py [line:33] INFO: 耗时：0.05
2020-06-20 09:58:26 engine.py [line:28] INFO: 开始运行时间：2020-06-20 09:58:26.942649
2020-06-20 09:58:26 engine.py [line:32] INFO: 开始运行时间：2020-06-20 09:58:26.985621
2020-06-20 09:58:26 engine.py [line:33] INFO: 耗时：0.04
2020-06-20 09:59:01 engine.py [line:28] INFO: 开始运行时间：2020-06-20 09:59:01.588953
2020-06-20 09:59:01 engine.py [line:32] INFO: 开始运行时间：2020-06-20 09:59:01.638922
2020-06-20 09:59:01 engine.py [line:33] INFO: 耗时：0.05
2020-06-20 10:05:24 engine.py [line:28] INFO: 开始运行时间：2020-06-20 10:05:24.523584
2020-06-20 10:05:24 engine.py [line:32] INFO: 开始运行时间：2020-06-20 10:05:24.574552
2020-06-20 10:05:24 engine.py [line:33] INFO: 耗时：0.05
2020-06-20 19:35:53 engine.py[line:28]                   INFO: 开始运行时间：2020-06-20 19:35:53.232607
2020-06-20 19:35:53 engine.py[line:32]                   INFO: 开始运行时间：2020-06-20 19:35:53.285576
2020-06-20 19:35:53 engine.py[line:33]                   INFO: 耗时：0.05
2020-06-20 19:36:10 engine.py[line:28]                   INFO: 开始运行时间：2020-06-20 19:36:10.223454
2020-06-20 19:36:10 engine.py[line:32]                   INFO: 开始运行时间：2020-06-20 19:36:10.265426
2020-06-20 19:36:10 engine.py[line:33]                   INFO: 耗时：0.04
2020-06-21 17:06:23 engine.py[line:28]                   INFO: 开始运行时间：2020-06-21 17:06:23.452509
2020-06-21 17:06:23 engine.py[line:32]                   INFO: 开始运行时间：2020-06-21 17:06:23.505477
2020-06-21 17:06:23 engine.py[line:33]                   INFO: 耗时：0.05
2020-06-21 17:06:41 engine.py[line:28]                   INFO: 开始运行时间：2020-06-21 17:06:41.969437
2020-06-21 17:06:42 engine.py[line:32]                   INFO: 开始运行时间：2020-06-21 17:06:42.013410
2020-06-21 17:06:42 engine.py[line:33]                   INFO: 耗时：0.04
2020-06-21 17:07:51 engine.py[line:28]                   INFO: 开始运行时间：2020-06-21 17:07:51.791353
2020-06-21 17:07:51 engine.py[line:32]                   INFO: 开始运行时间：2020-06-21 17:07:51.839325
2020-06-21 17:07:51 engine.py[line:33]                   INFO: 耗时：0.05
2020-06-21 20:56:23 engine.py[line:32]                   INFO: 开始运行时间：2020-06-21 20:56:23.694144
2020-06-21 20:56:23 engine.py[line:37]                   INFO: 结束运行时间：2020-06-21 20:56:23.696143
2020-06-21 20:56:23 engine.py[line:38]                   INFO: 耗时：0.00
2020-06-21 20:56:23 engine.py[line:39]                   INFO: 总的请求数量：0
2020-06-21 20:56:23 engine.py[line:40]                   INFO: 总的响应数量：0
2020-06-21 22:05:43 engine.py[line:32]                   INFO: 开始运行时间：2020-06-21 22:05:43.345653
2020-06-21 22:08:55 engine.py[line:32]                   INFO: 开始运行时间：2020-06-21 22:08:55.390423
2020-06-21 22:39:25 engine.py[line:32]                   INFO: 开始运行时间：2020-06-21 22:39:25.083677
2020-06-21 22:41:08 engine.py[line:32]                   INFO: 开始运行时间：2020-06-21 22:41:08.098006
2020-06-21 22:41:40 engine.py[line:32]                   INFO: 开始运行时间：2020-06-21 22:41:40.671321
2020-06-21 22:45:46 engine.py[line:32]                   INFO: 开始运行时间：2020-06-21 22:45:46.946317
2020-06-21 22:55:33 engine.py[line:32]                   INFO: 开始运行时间：2020-06-21 22:55:33.282507
2020-06-21 22:55:33 engine.py[line:37]                   INFO: 结束运行时间：2020-06-21 22:55:33.284506
2020-06-21 22:55:33 engine.py[line:38]                   INFO: 耗时：0.00
2020-06-21 22:55:33 engine.py[line:39]                   INFO: 总的请求数量：0
2020-06-21 22:55:33 engine.py[line:40]                   INFO: 总的响应数量：0
2020-06-21 22:59:04 engine.py[line:32]                   INFO: 开始运行时间：2020-06-21 22:59:04.361691
2020-06-21 22:59:04 engine.py[line:37]                   INFO: 结束运行时间：2020-06-21 22:59:04.420666
2020-06-21 22:59:04 engine.py[line:38]                   INFO: 耗时：0.06
2020-06-21 22:59:04 engine.py[line:39]                   INFO: 总的请求数量：1
2020-06-21 22:59:04 engine.py[line:40]                   INFO: 总的响应数量：1
2020-06-21 23:13:13 engine.py[line:32]                   INFO: 开始运行时间：2020-06-21 23:13:13.467502
2020-06-21 23:13:13 engine.py[line:37]                   INFO: 结束运行时间：2020-06-21 23:13:13.535458
2020-06-21 23:13:13 engine.py[line:38]                   INFO: 耗时：0.07
2020-06-21 23:13:13 engine.py[line:39]                   INFO: 总的请求数量：1
2020-06-21 23:13:13 engine.py[line:40]                   INFO: 总的响应数量：1
2020-06-21 23:14:25 engine.py[line:32]                   INFO: 开始运行时间：2020-06-21 23:14:25.139351
2020-06-21 23:14:25 engine.py[line:37]                   INFO: 结束运行时间：2020-06-21 23:14:25.189321
2020-06-21 23:14:25 engine.py[line:38]                   INFO: 耗时：0.05
2020-06-21 23:14:25 engine.py[line:39]                   INFO: 总的请求数量：1
2020-06-21 23:14:25 engine.py[line:40]                   INFO: 总的响应数量：1
2020-06-21 23:14:33 engine.py[line:32]                   INFO: 开始运行时间：2020-06-21 23:14:33.634160
2020-06-21 23:14:36 engine.py[line:37]                   INFO: 结束运行时间：2020-06-21 23:14:36.056468
2020-06-21 23:14:36 engine.py[line:38]                   INFO: 耗时：2.42
2020-06-21 23:14:36 engine.py[line:39]                   INFO: 总的请求数量：10
2020-06-21 23:14:36 engine.py[line:40]                   INFO: 总的响应数量：10
2020-06-21 23:16:18 engine.py[line:32]                   INFO: 开始运行时间：2020-06-21 23:16:18.212877
2020-06-21 23:16:20 engine.py[line:37]                   INFO: 结束运行时间：2020-06-21 23:16:20.740154
2020-06-21 23:16:20 engine.py[line:38]                   INFO: 耗时：2.53
2020-06-21 23:16:20 engine.py[line:39]                   INFO: 总的请求数量：10
2020-06-21 23:16:20 engine.py[line:40]                   INFO: 总的响应数量：10
2020-06-22 23:37:40 engine.py[line:32]                   INFO: 开始运行时间：2020-06-22 23:37:40.468953
2020-06-22 23:37:42 engine.py[line:37]                   INFO: 结束运行时间：2020-06-22 23:37:42.889980
2020-06-22 23:37:42 engine.py[line:38]                   INFO: 耗时：2.42
2020-06-22 23:37:42 engine.py[line:39]                   INFO: 总的请求数量：10
2020-06-22 23:37:42 engine.py[line:40]                   INFO: 总的响应数量：10
2020-06-22 23:38:11 engine.py[line:32]                   INFO: 开始运行时间：2020-06-22 23:38:00.447552
2020-06-22 23:42:13 engine.py[line:32]                   INFO: 开始运行时间：2020-06-22 23:42:13.487570
2020-06-22 23:42:15 engine.py[line:37]                   INFO: 结束运行时间：2020-06-22 23:42:15.752884
2020-06-22 23:42:15 engine.py[line:38]                   INFO: 耗时：2.27
2020-06-22 23:42:15 engine.py[line:39]                   INFO: 总的请求数量：10
2020-06-22 23:42:15 engine.py[line:40]                   INFO: 总的响应数量：10
2020-06-22 23:43:12 engine.py[line:32]                   INFO: 开始运行时间：2020-06-22 23:43:11.326477
2020-06-27 22:13:33 engine.py[line:33]                   INFO: 开始运行时间：2020-06-27 22:13:33.390980
2020-06-27 22:13:53 engine.py[line:33]                   INFO: 开始运行时间：2020-06-27 22:13:53.479716
2020-06-27 22:13:54 engine.py[line:38]                   INFO: 结束运行时间：2020-06-27 22:13:54.459800
2020-06-27 22:13:54 engine.py[line:39]                   INFO: 耗时：0.98
2020-06-27 22:13:54 engine.py[line:40]                   INFO: 总的请求数量：10
2020-06-27 22:13:54 engine.py[line:41]                   INFO: 总的响应数量：10
2020-06-30 23:04:46 engine.py[line:33]                   INFO: 开始运行时间：2020-06-30 23:04:46.111394
2020-07-01 23:42:44 engine.py[line:33]                   INFO: 开始运行时间：2020-07-01 23:42:44.885994
2020-07-01 23:44:11 engine.py[line:33]                   INFO: 开始运行时间：2020-07-01 23:44:11.602784
2020-07-01 23:51:31 engine.py[line:33]                   INFO: 开始运行时间：2020-07-01 23:51:31.286300
2020-07-01 23:52:44 engine.py[line:33]                   INFO: 开始运行时间：2020-07-01 23:52:44.893586
2020-07-01 23:53:03 engine.py[line:33]                   INFO: 开始运行时间：2020-07-01 23:53:03.701829
2020-07-05 23:19:20 engine.py[line:33]                   INFO: 开始运行时间：2020-07-05 23:19:20.450561
2020-07-05 23:20:00 engine.py[line:33]                   INFO: 开始运行时间：2020-07-05 23:20:00.211613
2020-07-08 00:08:49 engine.py[line:33]                   INFO: 开始运行时间：2020-07-08 00:08:49.110146
2020-07-08 23:21:16 engine.py[line:33]                   INFO: 开始运行时间：2020-07-08 23:21:16.555599
2020-07-08 23:24:44 engine.py[line:33]                   INFO: 开始运行时间：2020-07-08 23:24:44.119674
2020-07-08 23:34:00 engine.py[line:33]                   INFO: 开始运行时间：2020-07-08 23:34:00.949579
2020-07-08 23:54:22 engine.py[line:33]                   INFO: 开始运行时间：2020-07-08 23:54:22.362253
2020-07-08 23:57:33 engine.py[line:33]                   INFO: 开始运行时间：2020-07-08 23:57:33.786955
2020-07-08 23:58:05 engine.py[line:33]                   INFO: 开始运行时间：2020-07-08 23:58:05.271993
2020-07-08 23:58:34 engine.py[line:33]                   INFO: 开始运行时间：2020-07-08 23:58:34.038432
2020-07-09 23:21:16 engine.py[line:33]                   INFO: 开始运行时间：2020-07-09 23:21:16.811093
2020-07-09 23:22:54 engine.py[line:33]                   INFO: 开始运行时间：2020-07-09 23:22:54.542438
2020-07-09 23:24:07 engine.py[line:33]                   INFO: 开始运行时间：2020-07-09 23:24:07.064662
2020-07-09 23:25:50 engine.py[line:33]                   INFO: 开始运行时间：2020-07-09 23:25:50.556106
2020-07-09 23:29:02 engine.py[line:33]                   INFO: 开始运行时间：2020-07-09 23:29:02.042806
2020-07-09 23:33:16 engine.py[line:33]                   INFO: 开始运行时间：2020-07-09 23:33:16.520922
2020-07-09 23:35:35 engine.py[line:33]                   INFO: 开始运行时间：2020-07-09 23:35:35.856970
2020-07-09 23:35:36 engine.py[line:38]                   INFO: 结束运行时间：2020-07-09 23:35:36.777610
2020-07-09 23:35:36 engine.py[line:39]                   INFO: 耗时：0.92
2020-07-09 23:35:36 engine.py[line:40]                   INFO: 总的请求数量：10
2020-07-09 23:35:36 engine.py[line:41]                   INFO: 总的响应数量：10
2020-07-09 23:35:58 engine.py[line:33]                   INFO: 开始运行时间：2020-07-09 23:35:58.388941
2020-07-09 23:36:45 engine.py[line:33]                   INFO: 开始运行时间：2020-07-09 23:36:45.650856
2020-07-09 23:37:07 engine.py[line:33]                   INFO: 开始运行时间：2020-07-09 23:37:07.985058
2020-07-09 23:37:08 engine.py[line:38]                   INFO: 结束运行时间：2020-07-09 23:37:08.890310
2020-07-09 23:37:08 engine.py[line:39]                   INFO: 耗时：0.91
2020-07-09 23:37:08 engine.py[line:40]                   INFO: 总的请求数量：10
2020-07-09 23:37:08 engine.py[line:41]                   INFO: 总的响应数量：10
2020-07-11 23:09:41 engine.py[line:33]                   INFO: 开始运行时间：2020-07-11 23:09:41.841950
2020-07-11 23:12:52 engine.py[line:33]                   INFO: 开始运行时间：2020-07-11 23:12:52.874082
2020-07-12 21:52:24 engine.py[line:35]                   INFO: 开始运行时间：2020-07-12 21:52:24.152328
2020-07-12 22:54:37 engine.py[line:38]                   INFO: 开始运行时间：2020-07-12 22:54:37.606738
2020-07-12 22:54:42 engine.py[line:43]                   INFO: 结束运行时间：2020-07-12 22:54:42.343913
2020-07-12 22:54:42 engine.py[line:44]                   INFO: 耗时：4.74
2020-07-12 22:54:42 engine.py[line:45]                   INFO: 总的请求数量：10
2020-07-12 22:54:42 engine.py[line:46]                   INFO: 总的响应数量：10
2020-07-12 22:54:48 engine.py[line:38]                   INFO: 开始运行时间：2020-07-12 22:54:48.291000
2020-07-12 22:54:52 engine.py[line:43]                   INFO: 结束运行时间：2020-07-12 22:54:52.602115
2020-07-12 22:54:52 engine.py[line:44]                   INFO: 耗时：4.31
2020-07-12 22:54:52 engine.py[line:45]                   INFO: 总的请求数量：10
2020-07-12 22:54:52 engine.py[line:46]                   INFO: 总的响应数量：10
2020-07-12 23:16:35 engine.py[line:38]                   INFO: 开始运行时间：2020-07-12 23:16:35.497710
2020-07-13 23:37:10 engine.py[line:53]                   INFO: 开始运行时间：2020-07-13 23:37:10.994397
2020-07-13 23:37:10 engine.py[line:58]                   INFO: 结束运行时间：2020-07-13 23:37:10.998259
2020-07-13 23:37:10 engine.py[line:59]                   INFO: 耗时：0.00
2020-07-13 23:37:10 engine.py[line:60]                   INFO: 总的请求数量：0
2020-07-13 23:37:10 engine.py[line:61]                   INFO: 总的响应数量：0
2020-07-13 23:37:16 engine.py[line:53]                   INFO: 开始运行时间：2020-07-13 23:37:16.644863
2020-07-13 23:37:16 engine.py[line:58]                   INFO: 结束运行时间：2020-07-13 23:37:16.646883
2020-07-13 23:37:16 engine.py[line:59]                   INFO: 耗时：0.00
2020-07-13 23:37:16 engine.py[line:60]                   INFO: 总的请求数量：0
2020-07-13 23:37:16 engine.py[line:61]                   INFO: 总的响应数量：0
